<?xml version="1.0" encoding="UTF-8"?>
<testsuite name="de.RBrSoft.webshop.WebshopApplicationTests" tests="1" skipped="0" failures="0" errors="0" timestamp="2021-03-13T16:36:40" hostname="RedDragon-Linux" time="0.416">
  <properties/>
  <testcase name="contextLoads()" classname="de.RBrSoft.webshop.WebshopApplicationTests" time="0.416"/>
  <system-out><![CDATA[17:36:38.044 [Test worker] DEBUG org.springframework.test.context.BootstrapUtils - Instantiating CacheAwareContextLoaderDelegate from class [org.springframework.test.context.cache.DefaultCacheAwareContextLoaderDelegate]
17:36:38.061 [Test worker] DEBUG org.springframework.test.context.BootstrapUtils - Instantiating BootstrapContext using constructor [public org.springframework.test.context.support.DefaultBootstrapContext(java.lang.Class,org.springframework.test.context.CacheAwareContextLoaderDelegate)]
17:36:38.103 [Test worker] DEBUG org.springframework.test.context.BootstrapUtils - Instantiating TestContextBootstrapper for test class [de.RBrSoft.webshop.WebshopApplicationTests] from class [org.springframework.boot.test.context.SpringBootTestContextBootstrapper]
17:36:38.116 [Test worker] INFO org.springframework.boot.test.context.SpringBootTestContextBootstrapper - Neither @ContextConfiguration nor @ContextHierarchy found for test class [de.RBrSoft.webshop.WebshopApplicationTests], using SpringBootContextLoader
17:36:38.124 [Test worker] DEBUG org.springframework.test.context.support.AbstractContextLoader - Did not detect default resource location for test class [de.RBrSoft.webshop.WebshopApplicationTests]: class path resource [de/RBrSoft/webshop/WebshopApplicationTests-context.xml] does not exist
17:36:38.125 [Test worker] DEBUG org.springframework.test.context.support.AbstractContextLoader - Did not detect default resource location for test class [de.RBrSoft.webshop.WebshopApplicationTests]: class path resource [de/RBrSoft/webshop/WebshopApplicationTestsContext.groovy] does not exist
17:36:38.125 [Test worker] INFO org.springframework.test.context.support.AbstractContextLoader - Could not detect default resource locations for test class [de.RBrSoft.webshop.WebshopApplicationTests]: no resource found for suffixes {-context.xml, Context.groovy}.
17:36:38.126 [Test worker] INFO org.springframework.test.context.support.AnnotationConfigContextLoaderUtils - Could not detect default configuration classes for test class [de.RBrSoft.webshop.WebshopApplicationTests]: WebshopApplicationTests does not declare any static, non-private, non-final, nested classes annotated with @Configuration.
17:36:38.177 [Test worker] DEBUG org.springframework.test.context.support.ActiveProfilesUtils - Could not find an 'annotation declaring class' for annotation type [org.springframework.test.context.ActiveProfiles] and class [de.RBrSoft.webshop.WebshopApplicationTests]
17:36:38.245 [Test worker] DEBUG org.springframework.context.annotation.ClassPathScanningCandidateComponentProvider - Identified candidate component class: file [/home/roman/Schreibtisch/dev/RBrSoft/Backend/Tutorial/webshop/build/classes/java/main/de/RBrSoft/webshop/WebshopApplication.class]
17:36:38.246 [Test worker] INFO org.springframework.boot.test.context.SpringBootTestContextBootstrapper - Found @SpringBootConfiguration de.RBrSoft.webshop.WebshopApplication for test class de.RBrSoft.webshop.WebshopApplicationTests
17:36:38.358 [Test worker] DEBUG org.springframework.boot.test.context.SpringBootTestContextBootstrapper - @TestExecutionListeners is not present for class [de.RBrSoft.webshop.WebshopApplicationTests]: using defaults.
17:36:38.358 [Test worker] INFO org.springframework.boot.test.context.SpringBootTestContextBootstrapper - Loaded default TestExecutionListener class names from location [META-INF/spring.factories]: [org.springframework.boot.test.autoconfigure.restdocs.RestDocsTestExecutionListener, org.springframework.boot.test.autoconfigure.web.client.MockRestServiceServerResetTestExecutionListener, org.springframework.boot.test.autoconfigure.web.servlet.MockMvcPrintOnlyOnFailureTestExecutionListener, org.springframework.boot.test.autoconfigure.web.servlet.WebDriverTestExecutionListener, org.springframework.boot.test.autoconfigure.webservices.client.MockWebServiceServerTestExecutionListener, org.springframework.boot.test.mock.mockito.MockitoTestExecutionListener, org.springframework.boot.test.mock.mockito.ResetMocksTestExecutionListener, org.springframework.test.context.web.ServletTestExecutionListener, org.springframework.test.context.support.DirtiesContextBeforeModesTestExecutionListener, org.springframework.test.context.event.ApplicationEventsTestExecutionListener, org.springframework.test.context.support.DependencyInjectionTestExecutionListener, org.springframework.test.context.support.DirtiesContextTestExecutionListener, org.springframework.test.context.transaction.TransactionalTestExecutionListener, org.springframework.test.context.jdbc.SqlScriptsTestExecutionListener, org.springframework.test.context.event.EventPublishingTestExecutionListener]
17:36:38.372 [Test worker] DEBUG org.springframework.boot.test.context.SpringBootTestContextBootstrapper - Skipping candidate TestExecutionListener [org.springframework.test.context.transaction.TransactionalTestExecutionListener] due to a missing dependency. Specify custom listener classes or make the default listener classes and their required dependencies available. Offending class: [org/springframework/transaction/interceptor/TransactionAttributeSource]
17:36:38.373 [Test worker] DEBUG org.springframework.boot.test.context.SpringBootTestContextBootstrapper - Skipping candidate TestExecutionListener [org.springframework.test.context.jdbc.SqlScriptsTestExecutionListener] due to a missing dependency. Specify custom listener classes or make the default listener classes and their required dependencies available. Offending class: [org/springframework/transaction/interceptor/TransactionAttribute]
17:36:38.373 [Test worker] INFO org.springframework.boot.test.context.SpringBootTestContextBootstrapper - Using TestExecutionListeners: [org.springframework.test.context.web.ServletTestExecutionListener@12ac243d, org.springframework.test.context.support.DirtiesContextBeforeModesTestExecutionListener@63e0994c, org.springframework.test.context.event.ApplicationEventsTestExecutionListener@25db637f, org.springframework.boot.test.mock.mockito.MockitoTestExecutionListener@6880a248, org.springframework.boot.test.autoconfigure.SpringBootDependencyInjectionTestExecutionListener@1bfeeea9, org.springframework.test.context.support.DirtiesContextTestExecutionListener@7cb32e63, org.springframework.test.context.event.EventPublishingTestExecutionListener@28d6a11, org.springframework.boot.test.autoconfigure.restdocs.RestDocsTestExecutionListener@6f721aea, org.springframework.boot.test.autoconfigure.web.client.MockRestServiceServerResetTestExecutionListener@3953a0b, org.springframework.boot.test.autoconfigure.web.servlet.MockMvcPrintOnlyOnFailureTestExecutionListener@6630cc2c, org.springframework.boot.test.autoconfigure.web.servlet.WebDriverTestExecutionListener@f84ff19, org.springframework.boot.test.autoconfigure.webservices.client.MockWebServiceServerTestExecutionListener@70de1149, org.springframework.boot.test.mock.mockito.ResetMocksTestExecutionListener@5a31283b]
17:36:38.377 [Test worker] DEBUG org.springframework.test.context.support.AbstractDirtiesContextTestExecutionListener - Before test class: context [DefaultTestContext@63dd6845 testClass = WebshopApplicationTests, testInstance = [null], testMethod = [null], testException = [null], mergedContextConfiguration = [WebMergedContextConfiguration@524802da testClass = WebshopApplicationTests, locations = '{}', classes = '{class de.RBrSoft.webshop.WebshopApplication}', contextInitializerClasses = '[]', activeProfiles = '{}', propertySourceLocations = '{}', propertySourceProperties = '{org.springframework.boot.test.context.SpringBootTestContextBootstrapper=true}', contextCustomizers = set[org.springframework.boot.test.autoconfigure.actuate.metrics.MetricsExportContextCustomizerFactory$DisableMetricExportContextCustomizer@60386fa3, org.springframework.boot.test.autoconfigure.properties.PropertyMappingContextCustomizer@0, org.springframework.boot.test.autoconfigure.web.servlet.WebDriverContextCustomizerFactory$Customizer@5129a76e, org.springframework.boot.test.context.filter.ExcludeFilterContextCustomizer@79cf77ee, org.springframework.boot.test.json.DuplicateJsonObjectContextCustomizerFactory$DuplicateJsonObjectContextCustomizer@1d1cfe5b, org.springframework.boot.test.mock.mockito.MockitoContextCustomizer@0, org.springframework.boot.test.web.client.TestRestTemplateContextCustomizer@6e0f69c4, org.springframework.boot.test.context.SpringBootTestArgs@1, org.springframework.boot.test.context.SpringBootTestWebEnvironment@169abaca], resourceBasePath = 'src/main/webapp', contextLoader = 'org.springframework.boot.test.context.SpringBootContextLoader', parent = [null]], attributes = map['org.springframework.test.context.web.ServletTestExecutionListener.activateListener' -> true]], class annotated with @DirtiesContext [false] with mode [null].
17:36:38.413 [Test worker] DEBUG org.springframework.test.context.support.TestPropertySourceUtils - Adding inlined properties to environment: {spring.jmx.enabled=false, org.springframework.boot.test.context.SpringBootTestContextBootstrapper=true}

  .   ____          _            __ _ _
 /\\ / ___'_ __ _ _(_)_ __  __ _ \ \ \ \
( ( )\___ | '_ | '_| | '_ \/ _` | \ \ \ \
 \\/  ___)| |_)| | | | | || (_| |  ) ) ) )
  '  |____| .__|_| |_|_| |_\__, | / / / /
 =========|_|==============|___/=/_/_/_/
 :: Spring Boot ::                (v2.4.3)

2021-03-13 17:36:38.801  INFO 8042 --- [    Test worker] d.R.webshop.WebshopApplicationTests      : Starting WebshopApplicationTests using Java 12.0.1 on RedDragon-Linux with PID 8042 (started by roman in /home/roman/Schreibtisch/dev/RBrSoft/Backend/Tutorial/webshop)
2021-03-13 17:36:38.805  INFO 8042 --- [    Test worker] d.R.webshop.WebshopApplicationTests      : No active profile set, falling back to default profiles: default
2021-03-13 17:36:40.045  INFO 8042 --- [    Test worker] o.s.s.concurrent.ThreadPoolTaskExecutor  : Initializing ExecutorService 'applicationTaskExecutor'
2021-03-13 17:36:40.364  INFO 8042 --- [    Test worker] d.R.webshop.WebshopApplicationTests      : Started WebshopApplicationTests in 1.942 seconds (JVM running for 3.331)
]]></system-out>
  <system-err><![CDATA[]]></system-err>
</testsuite>
