<?xml version="1.0" encoding="UTF-8"?>
<testsuite name="de.RBrSoft.webshop.WebshopApplicationTests" tests="1" skipped="0" failures="0" errors="0" timestamp="2021-03-22T20:04:29" hostname="surfaceroman" time="0.272">
  <properties/>
  <testcase name="contextLoads()" classname="de.RBrSoft.webshop.WebshopApplicationTests" time="0.272"/>
  <system-out><![CDATA[21:04:27.619 [Test worker] DEBUG org.springframework.test.context.BootstrapUtils - Instantiating CacheAwareContextLoaderDelegate from class [org.springframework.test.context.cache.DefaultCacheAwareContextLoaderDelegate]
21:04:27.633 [Test worker] DEBUG org.springframework.test.context.BootstrapUtils - Instantiating BootstrapContext using constructor [public org.springframework.test.context.support.DefaultBootstrapContext(java.lang.Class,org.springframework.test.context.CacheAwareContextLoaderDelegate)]
21:04:27.668 [Test worker] DEBUG org.springframework.test.context.BootstrapUtils - Instantiating TestContextBootstrapper for test class [de.RBrSoft.webshop.WebshopApplicationTests] from class [org.springframework.boot.test.context.SpringBootTestContextBootstrapper]
21:04:27.676 [Test worker] INFO org.springframework.boot.test.context.SpringBootTestContextBootstrapper - Neither @ContextConfiguration nor @ContextHierarchy found for test class [de.RBrSoft.webshop.WebshopApplicationTests], using SpringBootContextLoader
21:04:27.679 [Test worker] DEBUG org.springframework.test.context.support.AbstractContextLoader - Did not detect default resource location for test class [de.RBrSoft.webshop.WebshopApplicationTests]: class path resource [de/RBrSoft/webshop/WebshopApplicationTests-context.xml] does not exist
21:04:27.680 [Test worker] DEBUG org.springframework.test.context.support.AbstractContextLoader - Did not detect default resource location for test class [de.RBrSoft.webshop.WebshopApplicationTests]: class path resource [de/RBrSoft/webshop/WebshopApplicationTestsContext.groovy] does not exist
21:04:27.680 [Test worker] INFO org.springframework.test.context.support.AbstractContextLoader - Could not detect default resource locations for test class [de.RBrSoft.webshop.WebshopApplicationTests]: no resource found for suffixes {-context.xml, Context.groovy}.
21:04:27.681 [Test worker] INFO org.springframework.test.context.support.AnnotationConfigContextLoaderUtils - Could not detect default configuration classes for test class [de.RBrSoft.webshop.WebshopApplicationTests]: WebshopApplicationTests does not declare any static, non-private, non-final, nested classes annotated with @Configuration.
21:04:27.723 [Test worker] DEBUG org.springframework.test.context.support.ActiveProfilesUtils - Could not find an 'annotation declaring class' for annotation type [org.springframework.test.context.ActiveProfiles] and class [de.RBrSoft.webshop.WebshopApplicationTests]
21:04:27.790 [Test worker] DEBUG org.springframework.context.annotation.ClassPathScanningCandidateComponentProvider - Identified candidate component class: file [/home/roman/Schreibtisch/dev/RBrSoft/Backend/Tutorial/webshop/build/classes/java/main/de/RBrSoft/webshop/WebshopApplication.class]
21:04:27.791 [Test worker] INFO org.springframework.boot.test.context.SpringBootTestContextBootstrapper - Found @SpringBootConfiguration de.RBrSoft.webshop.WebshopApplication for test class de.RBrSoft.webshop.WebshopApplicationTests
21:04:27.866 [Test worker] DEBUG org.springframework.boot.test.context.SpringBootTestContextBootstrapper - @TestExecutionListeners is not present for class [de.RBrSoft.webshop.WebshopApplicationTests]: using defaults.
21:04:27.867 [Test worker] INFO org.springframework.boot.test.context.SpringBootTestContextBootstrapper - Loaded default TestExecutionListener class names from location [META-INF/spring.factories]: [org.springframework.boot.test.autoconfigure.restdocs.RestDocsTestExecutionListener, org.springframework.boot.test.autoconfigure.web.client.MockRestServiceServerResetTestExecutionListener, org.springframework.boot.test.autoconfigure.web.servlet.MockMvcPrintOnlyOnFailureTestExecutionListener, org.springframework.boot.test.autoconfigure.web.servlet.WebDriverTestExecutionListener, org.springframework.boot.test.autoconfigure.webservices.client.MockWebServiceServerTestExecutionListener, org.springframework.boot.test.mock.mockito.MockitoTestExecutionListener, org.springframework.boot.test.mock.mockito.ResetMocksTestExecutionListener, org.springframework.test.context.web.ServletTestExecutionListener, org.springframework.test.context.support.DirtiesContextBeforeModesTestExecutionListener, org.springframework.test.context.event.ApplicationEventsTestExecutionListener, org.springframework.test.context.support.DependencyInjectionTestExecutionListener, org.springframework.test.context.support.DirtiesContextTestExecutionListener, org.springframework.test.context.transaction.TransactionalTestExecutionListener, org.springframework.test.context.jdbc.SqlScriptsTestExecutionListener, org.springframework.test.context.event.EventPublishingTestExecutionListener]
21:04:27.878 [Test worker] DEBUG org.springframework.boot.test.context.SpringBootTestContextBootstrapper - Skipping candidate TestExecutionListener [org.springframework.test.context.transaction.TransactionalTestExecutionListener] due to a missing dependency. Specify custom listener classes or make the default listener classes and their required dependencies available. Offending class: [org/springframework/transaction/interceptor/TransactionAttributeSource]
21:04:27.879 [Test worker] DEBUG org.springframework.boot.test.context.SpringBootTestContextBootstrapper - Skipping candidate TestExecutionListener [org.springframework.test.context.jdbc.SqlScriptsTestExecutionListener] due to a missing dependency. Specify custom listener classes or make the default listener classes and their required dependencies available. Offending class: [org/springframework/transaction/interceptor/TransactionAttribute]
21:04:27.879 [Test worker] INFO org.springframework.boot.test.context.SpringBootTestContextBootstrapper - Using TestExecutionListeners: [org.springframework.test.context.web.ServletTestExecutionListener@47713ecc, org.springframework.test.context.support.DirtiesContextBeforeModesTestExecutionListener@79f03d84, org.springframework.test.context.event.ApplicationEventsTestExecutionListener@4e2d719c, org.springframework.boot.test.mock.mockito.MockitoTestExecutionListener@76a21015, org.springframework.boot.test.autoconfigure.SpringBootDependencyInjectionTestExecutionListener@386bc753, org.springframework.test.context.support.DirtiesContextTestExecutionListener@408fc1c7, org.springframework.test.context.event.EventPublishingTestExecutionListener@650be9db, org.springframework.boot.test.autoconfigure.restdocs.RestDocsTestExecutionListener@34f6fd7, org.springframework.boot.test.autoconfigure.web.client.MockRestServiceServerResetTestExecutionListener@657871b2, org.springframework.boot.test.autoconfigure.web.servlet.MockMvcPrintOnlyOnFailureTestExecutionListener@5b471523, org.springframework.boot.test.autoconfigure.web.servlet.WebDriverTestExecutionListener@61b86aa1, org.springframework.boot.test.autoconfigure.webservices.client.MockWebServiceServerTestExecutionListener@19719096, org.springframework.boot.test.mock.mockito.ResetMocksTestExecutionListener@3fa287eb]
21:04:27.883 [Test worker] DEBUG org.springframework.test.context.support.AbstractDirtiesContextTestExecutionListener - Before test class: context [DefaultTestContext@461d319b testClass = WebshopApplicationTests, testInstance = [null], testMethod = [null], testException = [null], mergedContextConfiguration = [WebMergedContextConfiguration@1d18c4d5 testClass = WebshopApplicationTests, locations = '{}', classes = '{class de.RBrSoft.webshop.WebshopApplication}', contextInitializerClasses = '[]', activeProfiles = '{}', propertySourceLocations = '{}', propertySourceProperties = '{org.springframework.boot.test.context.SpringBootTestContextBootstrapper=true}', contextCustomizers = set[org.springframework.boot.test.autoconfigure.actuate.metrics.MetricsExportContextCustomizerFactory$DisableMetricExportContextCustomizer@6d0fed13, org.springframework.boot.test.autoconfigure.properties.PropertyMappingContextCustomizer@0, org.springframework.boot.test.autoconfigure.web.servlet.WebDriverContextCustomizerFactory$Customizer@496af287, org.springframework.boot.test.context.filter.ExcludeFilterContextCustomizer@ae4b5fd, org.springframework.boot.test.json.DuplicateJsonObjectContextCustomizerFactory$DuplicateJsonObjectContextCustomizer@30448b2f, org.springframework.boot.test.mock.mockito.MockitoContextCustomizer@0, org.springframework.boot.test.web.client.TestRestTemplateContextCustomizer@bf74f60, org.springframework.boot.test.context.SpringBootTestArgs@1, org.springframework.boot.test.context.SpringBootTestWebEnvironment@54190ed1], resourceBasePath = 'src/main/webapp', contextLoader = 'org.springframework.boot.test.context.SpringBootContextLoader', parent = [null]], attributes = map['org.springframework.test.context.web.ServletTestExecutionListener.activateListener' -> true]], class annotated with @DirtiesContext [false] with mode [null].
21:04:27.905 [Test worker] DEBUG org.springframework.test.context.support.TestPropertySourceUtils - Adding inlined properties to environment: {spring.jmx.enabled=false, org.springframework.boot.test.context.SpringBootTestContextBootstrapper=true}

  .   ____          _            __ _ _
 /\\ / ___'_ __ _ _(_)_ __  __ _ \ \ \ \
( ( )\___ | '_ | '_| | '_ \/ _` | \ \ \ \
 \\/  ___)| |_)| | | | | || (_| |  ) ) ) )
  '  |____| .__|_| |_|_| |_\__, | / / / /
 =========|_|==============|___/=/_/_/_/
 :: Spring Boot ::                (v2.4.3)

2021-03-22 21:04:28.157  INFO 8346 --- [    Test worker] d.R.webshop.WebshopApplicationTests      : Starting WebshopApplicationTests using Java 11.0.10 on surfaceroman with PID 8346 (started by roman in /home/roman/Schreibtisch/dev/RBrSoft/Backend/Tutorial/webshop)
2021-03-22 21:04:28.161  INFO 8346 --- [    Test worker] d.R.webshop.WebshopApplicationTests      : No active profile set, falling back to default profiles: default
2021-03-22 21:04:29.243  INFO 8346 --- [    Test worker] o.s.s.concurrent.ThreadPoolTaskExecutor  : Initializing ExecutorService 'applicationTaskExecutor'
2021-03-22 21:04:29.494  INFO 8346 --- [    Test worker] d.R.webshop.WebshopApplicationTests      : Started WebshopApplicationTests in 1.582 seconds (JVM running for 2.628)
]]></system-out>
  <system-err><![CDATA[]]></system-err>
</testsuite>
