<?xml version="1.0" encoding="UTF-8"?>
<testsuite name="de.RBrSoft.webshop.WebshopApplicationTests" tests="1" skipped="0" failures="0" errors="0" timestamp="2021-03-21T17:25:34" hostname="RedDragon-Linux" time="0.49">
  <properties/>
  <testcase name="contextLoads()" classname="de.RBrSoft.webshop.WebshopApplicationTests" time="0.49"/>
  <system-out><![CDATA[18:25:32.357 [Test worker] DEBUG org.springframework.test.context.BootstrapUtils - Instantiating CacheAwareContextLoaderDelegate from class [org.springframework.test.context.cache.DefaultCacheAwareContextLoaderDelegate]
18:25:32.375 [Test worker] DEBUG org.springframework.test.context.BootstrapUtils - Instantiating BootstrapContext using constructor [public org.springframework.test.context.support.DefaultBootstrapContext(java.lang.Class,org.springframework.test.context.CacheAwareContextLoaderDelegate)]
18:25:32.417 [Test worker] DEBUG org.springframework.test.context.BootstrapUtils - Instantiating TestContextBootstrapper for test class [de.RBrSoft.webshop.WebshopApplicationTests] from class [org.springframework.boot.test.context.SpringBootTestContextBootstrapper]
18:25:32.431 [Test worker] INFO org.springframework.boot.test.context.SpringBootTestContextBootstrapper - Neither @ContextConfiguration nor @ContextHierarchy found for test class [de.RBrSoft.webshop.WebshopApplicationTests], using SpringBootContextLoader
18:25:32.437 [Test worker] DEBUG org.springframework.test.context.support.AbstractContextLoader - Did not detect default resource location for test class [de.RBrSoft.webshop.WebshopApplicationTests]: class path resource [de/RBrSoft/webshop/WebshopApplicationTests-context.xml] does not exist
18:25:32.437 [Test worker] DEBUG org.springframework.test.context.support.AbstractContextLoader - Did not detect default resource location for test class [de.RBrSoft.webshop.WebshopApplicationTests]: class path resource [de/RBrSoft/webshop/WebshopApplicationTestsContext.groovy] does not exist
18:25:32.438 [Test worker] INFO org.springframework.test.context.support.AbstractContextLoader - Could not detect default resource locations for test class [de.RBrSoft.webshop.WebshopApplicationTests]: no resource found for suffixes {-context.xml, Context.groovy}.
18:25:32.439 [Test worker] INFO org.springframework.test.context.support.AnnotationConfigContextLoaderUtils - Could not detect default configuration classes for test class [de.RBrSoft.webshop.WebshopApplicationTests]: WebshopApplicationTests does not declare any static, non-private, non-final, nested classes annotated with @Configuration.
18:25:32.496 [Test worker] DEBUG org.springframework.test.context.support.ActiveProfilesUtils - Could not find an 'annotation declaring class' for annotation type [org.springframework.test.context.ActiveProfiles] and class [de.RBrSoft.webshop.WebshopApplicationTests]
18:25:32.566 [Test worker] DEBUG org.springframework.context.annotation.ClassPathScanningCandidateComponentProvider - Identified candidate component class: file [/home/roman/Schreibtisch/dev/RBrSoft/Backend/Tutorial/webshop/build/classes/java/main/de/RBrSoft/webshop/WebshopApplication.class]
18:25:32.567 [Test worker] INFO org.springframework.boot.test.context.SpringBootTestContextBootstrapper - Found @SpringBootConfiguration de.RBrSoft.webshop.WebshopApplication for test class de.RBrSoft.webshop.WebshopApplicationTests
18:25:32.681 [Test worker] DEBUG org.springframework.boot.test.context.SpringBootTestContextBootstrapper - @TestExecutionListeners is not present for class [de.RBrSoft.webshop.WebshopApplicationTests]: using defaults.
18:25:32.681 [Test worker] INFO org.springframework.boot.test.context.SpringBootTestContextBootstrapper - Loaded default TestExecutionListener class names from location [META-INF/spring.factories]: [org.springframework.boot.test.autoconfigure.restdocs.RestDocsTestExecutionListener, org.springframework.boot.test.autoconfigure.web.client.MockRestServiceServerResetTestExecutionListener, org.springframework.boot.test.autoconfigure.web.servlet.MockMvcPrintOnlyOnFailureTestExecutionListener, org.springframework.boot.test.autoconfigure.web.servlet.WebDriverTestExecutionListener, org.springframework.boot.test.autoconfigure.webservices.client.MockWebServiceServerTestExecutionListener, org.springframework.boot.test.mock.mockito.MockitoTestExecutionListener, org.springframework.boot.test.mock.mockito.ResetMocksTestExecutionListener, org.springframework.test.context.web.ServletTestExecutionListener, org.springframework.test.context.support.DirtiesContextBeforeModesTestExecutionListener, org.springframework.test.context.event.ApplicationEventsTestExecutionListener, org.springframework.test.context.support.DependencyInjectionTestExecutionListener, org.springframework.test.context.support.DirtiesContextTestExecutionListener, org.springframework.test.context.transaction.TransactionalTestExecutionListener, org.springframework.test.context.jdbc.SqlScriptsTestExecutionListener, org.springframework.test.context.event.EventPublishingTestExecutionListener]
18:25:32.696 [Test worker] DEBUG org.springframework.boot.test.context.SpringBootTestContextBootstrapper - Skipping candidate TestExecutionListener [org.springframework.test.context.transaction.TransactionalTestExecutionListener] due to a missing dependency. Specify custom listener classes or make the default listener classes and their required dependencies available. Offending class: [org/springframework/transaction/interceptor/TransactionAttributeSource]
18:25:32.697 [Test worker] DEBUG org.springframework.boot.test.context.SpringBootTestContextBootstrapper - Skipping candidate TestExecutionListener [org.springframework.test.context.jdbc.SqlScriptsTestExecutionListener] due to a missing dependency. Specify custom listener classes or make the default listener classes and their required dependencies available. Offending class: [org/springframework/transaction/interceptor/TransactionAttribute]
18:25:32.697 [Test worker] INFO org.springframework.boot.test.context.SpringBootTestContextBootstrapper - Using TestExecutionListeners: [org.springframework.test.context.web.ServletTestExecutionListener@563cf194, org.springframework.test.context.support.DirtiesContextBeforeModesTestExecutionListener@273d5f68, org.springframework.test.context.event.ApplicationEventsTestExecutionListener@4e8fd1be, org.springframework.boot.test.mock.mockito.MockitoTestExecutionListener@109883c4, org.springframework.boot.test.autoconfigure.SpringBootDependencyInjectionTestExecutionListener@21197012, org.springframework.test.context.support.DirtiesContextTestExecutionListener@6c12bd46, org.springframework.test.context.event.EventPublishingTestExecutionListener@5c20935b, org.springframework.boot.test.autoconfigure.restdocs.RestDocsTestExecutionListener@8f2bdb8, org.springframework.boot.test.autoconfigure.web.client.MockRestServiceServerResetTestExecutionListener@6201c554, org.springframework.boot.test.autoconfigure.web.servlet.MockMvcPrintOnlyOnFailureTestExecutionListener@1b00bcdf, org.springframework.boot.test.autoconfigure.web.servlet.WebDriverTestExecutionListener@43e25eaf, org.springframework.boot.test.autoconfigure.webservices.client.MockWebServiceServerTestExecutionListener@5e602416, org.springframework.boot.test.mock.mockito.ResetMocksTestExecutionListener@322761eb]
18:25:32.702 [Test worker] DEBUG org.springframework.test.context.support.AbstractDirtiesContextTestExecutionListener - Before test class: context [DefaultTestContext@15134a32 testClass = WebshopApplicationTests, testInstance = [null], testMethod = [null], testException = [null], mergedContextConfiguration = [WebMergedContextConfiguration@33696956 testClass = WebshopApplicationTests, locations = '{}', classes = '{class de.RBrSoft.webshop.WebshopApplication}', contextInitializerClasses = '[]', activeProfiles = '{}', propertySourceLocations = '{}', propertySourceProperties = '{org.springframework.boot.test.context.SpringBootTestContextBootstrapper=true}', contextCustomizers = set[org.springframework.boot.test.autoconfigure.actuate.metrics.MetricsExportContextCustomizerFactory$DisableMetricExportContextCustomizer@5d8ae0fe, org.springframework.boot.test.autoconfigure.properties.PropertyMappingContextCustomizer@0, org.springframework.boot.test.autoconfigure.web.servlet.WebDriverContextCustomizerFactory$Customizer@685bf059, org.springframework.boot.test.context.filter.ExcludeFilterContextCustomizer@698d0a, org.springframework.boot.test.json.DuplicateJsonObjectContextCustomizerFactory$DuplicateJsonObjectContextCustomizer@22d6ce29, org.springframework.boot.test.mock.mockito.MockitoContextCustomizer@0, org.springframework.boot.test.web.client.TestRestTemplateContextCustomizer@4730dff8, org.springframework.boot.test.context.SpringBootTestArgs@1, org.springframework.boot.test.context.SpringBootTestWebEnvironment@2afed572], resourceBasePath = 'src/main/webapp', contextLoader = 'org.springframework.boot.test.context.SpringBootContextLoader', parent = [null]], attributes = map['org.springframework.test.context.web.ServletTestExecutionListener.activateListener' -> true]], class annotated with @DirtiesContext [false] with mode [null].
18:25:32.738 [Test worker] DEBUG org.springframework.test.context.support.TestPropertySourceUtils - Adding inlined properties to environment: {spring.jmx.enabled=false, org.springframework.boot.test.context.SpringBootTestContextBootstrapper=true}

  .   ____          _            __ _ _
 /\\ / ___'_ __ _ _(_)_ __  __ _ \ \ \ \
( ( )\___ | '_ | '_| | '_ \/ _` | \ \ \ \
 \\/  ___)| |_)| | | | | || (_| |  ) ) ) )
  '  |____| .__|_| |_|_| |_\__, | / / / /
 =========|_|==============|___/=/_/_/_/
 :: Spring Boot ::                (v2.4.3)

2021-03-21 18:25:33.110  INFO 23035 --- [    Test worker] d.R.webshop.WebshopApplicationTests      : Starting WebshopApplicationTests using Java 12.0.1 on RedDragon-Linux with PID 23035 (started by roman in /home/roman/Schreibtisch/dev/RBrSoft/Backend/Tutorial/webshop)
2021-03-21 18:25:33.116  INFO 23035 --- [    Test worker] d.R.webshop.WebshopApplicationTests      : No active profile set, falling back to default profiles: default
2021-03-21 18:25:34.489  INFO 23035 --- [    Test worker] o.s.s.concurrent.ThreadPoolTaskExecutor  : Initializing ExecutorService 'applicationTaskExecutor'
2021-03-21 18:25:34.813  INFO 23035 --- [    Test worker] d.R.webshop.WebshopApplicationTests      : Started WebshopApplicationTests in 2.065 seconds (JVM running for 3.622)
]]></system-out>
  <system-err><![CDATA[]]></system-err>
</testsuite>
